<?xml version="1.0" encoding="UTF-8"?>
<testng-results skipped="0" failed="0" total="1" passed="1">
  <reporter-output>
  </reporter-output>
  <suite name="Suite" duration-ms="29830" started-at="2018-01-22T11:20:12Z" finished-at="2018-01-22T11:20:42Z">
    <groups>
    </groups>
    <test name="Test" duration-ms="29830" started-at="2018-01-22T11:20:12Z" finished-at="2018-01-22T11:20:42Z">
      <class name="com.powerhouse.testCase.Checking">
        <test-method status="PASS" signature="f()[pri:0, instance:com.powerhouse.testCase.Checking@28d25987]" name="f" duration-ms="29765" started-at="2018-01-22T16:50:12Z" finished-at="2018-01-22T16:50:42Z">
          <reporter-output>
          </reporter-output>
        </test-method> <!-- f -->
      </class> <!-- com.powerhouse.testCase.Checking -->
    </test> <!-- Test -->
  </suite> <!-- Suite -->
</testng-results>
